<?xml version="1.0" encoding="UTF-8"?>
<!-- Generated by org.testng.reporters.JUnitXMLReporter -->
<testsuite hostname="XE-T-DEEPAKS" ignored="0" name="Test" tests="1" failures="1" timestamp="03 Aug 2017 12:44:27 GMT" time="91.95" errors="0">
  <testcase name="loginFunc" time="42.749" classname="test.LoginPageTest">
    <failure type="java.lang.AssertionError" message="Expected: failed">
      <![CDATA[java.lang.AssertionError: Expected: failed
	at test.LoginPageTest.loginFunc(LoginPageTest.java:33)
... Removed 25 stack frames]]>
    </failure>
  </testcase> <!-- loginFunc -->
</testsuite> <!-- Test -->
